[invigorated-product-322373.framer.app/index.html]
[backblue.gif]
[fade.gif]
[index.html]
[framerusercontent.com/images/MeZvgAhjQkji5BHrYomjb5R43pM.png]
[framerusercontent.com/images/WGBztpRxvYIqkxNLz39jf6Io1Y23f4.jpg]
[framerusercontent.com/images/CEFvxZktiBTXJ4VhLuJuahxDio1299.png]
[framerusercontent.com/images/WVH8k9lkfSzfWoonGkM0zlDCqMo832b.png]
[framerusercontent.com/images/bHF73PH3WkLRwXXqwnVj5MLKksb1c4.png]
[framerusercontent.com/images/WtpTiPgTtspvpwV3RZvhda7d8ac594b.jpg]
[framerusercontent.com/images/YLia4gEJH8CnSNW5ZXuK7HCzg4944f.jpg]
[framerusercontent.com/images/6YvD8PY2awcaJSAbxDKq9BGuGE23f4.jpg]
[framerusercontent.com/images/wzfpig3g8eOjfio6kTIUrVPhrwb488.jpg]
[framerusercontent.com/images/Dk1MyH2IgS5KRPLtjAQPNDn1Y7E8bab.jpg]
[framerusercontent.com/images/dBkNcNmlXvsTDgkK79Djru90o23f4.jpg]
[framerusercontent.com/images/HEd8xfv0YSg9DmJqseRvtXkYkg944f.jpg]
[framerusercontent.com/images/EBkOxv6XpYbDdWgl3QK4B2OEfRY66fc.jpg]
[framerusercontent.com/images/c8lJJSZ4g4Bwv4yI3GR3ljtYccYdfa4.jpg]
[framerusercontent.com/images/UxSYmBnWVDti7Kly7TT0vvbt9Q23f4.jpg]
[framerusercontent.com/images/D5Xt6kYytX4p6FhYziV52yALdI505a.jpg]
[framerusercontent.com/images/hJcZmtbM5WOHlYGzSZ3vx8c2LSI825d.jpg]
[framerusercontent.com/images/hQe0K1BEQ5LwX1unhrZW6C9oW4be17.jpg]
[framerusercontent.com/images/5AHVCqsRawNNLSgIWUCQtaII9wA4a75.jpg]
[framerusercontent.com/images/sqcf4Iw1VcKZBy7eztSJGIBQE825d.jpg]
[framerusercontent.com/images/6Cxw0fI14eaiy11LA8xNxhOPjSE74de.jpg]
[framerusercontent.com/images/qcgWLX8fKtrDcbEcv1NUMIu2hn8eb59.png]
[framerusercontent.com/sites/2LGmQxVQcw2blrMAvbyTJb/react.BQdPNbai.mjs]
[framerusercontent.com/sites/2LGmQxVQcw2blrMAvbyTJb/rolldown-runtime.DuUl1Rk5.mjs]
[framerusercontent.com/sites/2LGmQxVQcw2blrMAvbyTJb/motion.6YVTPhh2.mjs]
[framerusercontent.com/sites/2LGmQxVQcw2blrMAvbyTJb/framer.DGAdvBky.mjs]
[framerusercontent.com/sites/2LGmQxVQcw2blrMAvbyTJb/VrTdm8zYejbk0yGeszlLR5qgd_KXyqB-x5SlP9flFpU.BvxCYgID.mjs]
[framerusercontent.com/sites/2LGmQxVQcw2blrMAvbyTJb/shared-lib.Cm0SoiH1.mjs]
[framerusercontent.com/sites/2LGmQxVQcw2blrMAvbyTJb/augiA20Il.QYQl0dW_.mjs]
[framerusercontent.com/sites/2LGmQxVQcw2blrMAvbyTJb/WYHZh2ZGX.DPgJ1WNv.mjs]
[invigorated-product-322373.framer.app/index.html]
[fonts.gstatic.com/index.html]
[framerusercontent.com/sites/2LGmQxVQcw2blrMAvbyTJb/script_main.BBZaIcPE.mjs]
